[  4821.358] 
X.Org X Server 1.21.1.8
X Protocol Version 11, Revision 0
[  4821.363] Current Operating System: Linux SYN-TESTBUILD 6.3.3-arch1-1 #1 SMP PREEMPT_DYNAMIC Sun, 21 May 2023 16:15:22 +0000 x86_64
[  4821.363] Kernel command line: initrd=\initramfs-linux.img root=/dev/nvme0n1p2 rw
[  4821.366]  
[  4821.367] Current version of pixman: 0.42.2
[  4821.370] 	Before reporting problems, check http://wiki.x.org
	to make sure that you have the latest version.
[  4821.370] Markers: (--) probed, (**) from config file, (==) default setting,
	(++) from command line, (!!) notice, (II) informational,
	(WW) warning, (EE) error, (NI) not implemented, (??) unknown.
[  4821.377] (==) Log file: "/home/syntax990/.local/share/xorg/Xorg.1.log", Time: Tue May 30 00:37:18 2023
[  4821.378] (==) Using system config directory "/usr/share/X11/xorg.conf.d"
[  4821.379] (==) No Layout section.  Using the first Screen section.
[  4821.379] (==) No screen section available. Using defaults.
[  4821.379] (**) |-->Screen "Default Screen Section" (0)
[  4821.379] (**) |   |-->Monitor "<default monitor>"
[  4821.379] (==) No monitor specified for screen "Default Screen Section".
	Using a default monitor configuration.
[  4821.379] (==) Automatically adding devices
[  4821.379] (==) Automatically enabling devices
[  4821.379] (==) Automatically adding GPU devices
[  4821.379] (==) Automatically binding GPU devices
[  4821.379] (==) Max clients allowed: 256, resource mask: 0x1fffff
[  4821.380] (WW) `fonts.dir' not found (or not valid) in "/usr/share/fonts/misc".
[  4821.380] 	Entry deleted from font path.
[  4821.380] 	(Run 'mkfontdir' on "/usr/share/fonts/misc").
[  4821.380] (WW) `fonts.dir' not found (or not valid) in "/usr/share/fonts/TTF".
[  4821.380] 	Entry deleted from font path.
[  4821.380] 	(Run 'mkfontdir' on "/usr/share/fonts/TTF").
[  4821.380] (WW) The directory "/usr/share/fonts/OTF" does not exist.
[  4821.380] 	Entry deleted from font path.
[  4821.380] (WW) The directory "/usr/share/fonts/Type1" does not exist.
[  4821.380] 	Entry deleted from font path.
[  4821.380] (WW) The directory "/usr/share/fonts/100dpi" does not exist.
[  4821.380] 	Entry deleted from font path.
[  4821.380] (WW) The directory "/usr/share/fonts/75dpi" does not exist.
[  4821.380] 	Entry deleted from font path.
[  4821.380] (==) FontPath set to:
	
[  4821.380] (==) ModulePath set to "/usr/lib/xorg/modules"
[  4821.380] (II) The server relies on udev to provide the list of input devices.
	If no devices become available, reconfigure udev or disable AutoAddDevices.
[  4821.380] (II) Module ABI versions:
[  4821.380] 	X.Org ANSI C Emulation: 0.4
[  4821.380] 	X.Org Video Driver: 25.2
[  4821.380] 	X.Org XInput driver : 24.4
[  4821.380] 	X.Org Server Extension : 10.0
[  4821.381] (++) using VT number 2

[  4821.382] (II) systemd-logind: took control of session /org/freedesktop/login1/session/_33
[  4821.382] (II) xfree86: Adding drm device (/dev/dri/card0)
[  4821.382] (II) Platform probe for /sys/devices/pci0000:00/0000:00:02.0/drm/card0
[  4821.383] (II) systemd-logind: got fd for /dev/dri/card0 226:0 fd 13 paused 0
[  4821.384] (--) PCI:*(0@0:2:0) 8086:8a56:1043:1ec1 rev 7, Mem @ 0x6000000000/16777216, 0x4000000000/268435456, I/O @ 0x00003000/64, BIOS @ 0x????????/131072
[  4821.384] (WW) Open ACPI failed (/var/run/acpid.socket) (No such file or directory)
[  4821.384] (II) LoadModule: "glx"
[  4821.385] (II) Loading /usr/lib/xorg/modules/extensions/libglx.so
[  4821.386] (II) Module glx: vendor="X.Org Foundation"
[  4821.386] 	compiled for 1.21.1.8, module version = 1.0.0
[  4821.386] 	ABI class: X.Org Server Extension, version 10.0
[  4821.386] (==) Matched intel as autoconfigured driver 0
[  4821.386] (==) Matched modesetting as autoconfigured driver 1
[  4821.386] (==) Matched fbdev as autoconfigured driver 2
[  4821.386] (==) Matched vesa as autoconfigured driver 3
[  4821.386] (==) Assigned the driver to the xf86ConfigLayout
[  4821.386] (II) LoadModule: "intel"
[  4821.386] (WW) Warning, couldn't open module intel
[  4821.386] (EE) Failed to load module "intel" (module does not exist, 0)
[  4821.386] (II) LoadModule: "modesetting"
[  4821.386] (II) Loading /usr/lib/xorg/modules/drivers/modesetting_drv.so
[  4821.387] (II) Module modesetting: vendor="X.Org Foundation"
[  4821.387] 	compiled for 1.21.1.8, module version = 1.21.1
[  4821.387] 	Module class: X.Org Video Driver
[  4821.387] 	ABI class: X.Org Video Driver, version 25.2
[  4821.387] (II) LoadModule: "fbdev"
[  4821.387] (WW) Warning, couldn't open module fbdev
[  4821.387] (EE) Failed to load module "fbdev" (module does not exist, 0)
[  4821.387] (II) LoadModule: "vesa"
[  4821.387] (WW) Warning, couldn't open module vesa
[  4821.387] (EE) Failed to load module "vesa" (module does not exist, 0)
[  4821.387] (II) modesetting: Driver for Modesetting Kernel Drivers: kms
[  4821.387] (II) modeset(0): using drv /dev/dri/card0
[  4821.387] (WW) VGA arbiter: cannot open kernel arbiter, no multi-card support
[  4821.387] (II) modeset(0): Creating default Display subsection in Screen section
	"Default Screen Section" for depth/fbbpp 24/32
[  4821.387] (==) modeset(0): Depth 24, (==) framebuffer bpp 32
[  4821.387] (==) modeset(0): RGB weight 888
[  4821.387] (==) modeset(0): Default visual is TrueColor
[  4821.387] (II) Loading sub module "glamoregl"
[  4821.387] (II) LoadModule: "glamoregl"
[  4821.387] (II) Loading /usr/lib/xorg/modules/libglamoregl.so
[  4821.389] (II) Module glamoregl: vendor="X.Org Foundation"
[  4821.389] 	compiled for 1.21.1.8, module version = 1.0.1
[  4821.389] 	ABI class: X.Org ANSI C Emulation, version 0.4
[  4821.412] (II) modeset(0): glamor X acceleration enabled on Mesa Intel(R) UHD Graphics (ICL GT1)
[  4821.412] (II) modeset(0): glamor initialized
[  4821.412] (==) modeset(0): VariableRefresh: disabled
[  4821.412] (==) modeset(0): AsyncFlipSecondaries: disabled
[  4821.414] (II) modeset(0): Output eDP-1 has no monitor section
[  4821.414] (II) modeset(0): Output HDMI-1 has no monitor section
[  4821.416] (II) modeset(0): EDID for output eDP-1
[  4821.416] (II) modeset(0): Manufacturer: CMN  Model: 15f5  Serial#: 0
[  4821.416] (II) modeset(0): Year: 2017  Week: 15
[  4821.416] (II) modeset(0): EDID Version: 1.4
[  4821.416] (II) modeset(0): Digital Display Input
[  4821.416] (II) modeset(0): 6 bits per channel
[  4821.416] (II) modeset(0): Digital interface is DisplayPort
[  4821.416] (II) modeset(0): Max Image Size [cm]: horiz.: 34  vert.: 19
[  4821.416] (II) modeset(0): Gamma: 2.20
[  4821.416] (II) modeset(0): No DPMS capabilities specified
[  4821.416] (II) modeset(0): Supported color encodings: RGB 4:4:4 
[  4821.416] (II) modeset(0): First detailed timing is preferred mode
[  4821.416] (II) modeset(0): Preferred mode is native pixel format and refresh rate
[  4821.416] (II) modeset(0): redX: 0.590 redY: 0.350   greenX: 0.330 greenY: 0.555
[  4821.416] (II) modeset(0): blueX: 0.153 blueY: 0.119   whiteX: 0.313 whiteY: 0.329
[  4821.416] (II) modeset(0): Manufacturer's mask: 0
[  4821.416] (II) modeset(0): Supported detailed timing:
[  4821.416] (II) modeset(0): clock: 152.8 MHz   Image Size:  344 x 193 mm
[  4821.416] (II) modeset(0): h_active: 1920  h_sync: 2000  h_sync_end 2060 h_blank_end 2250 h_border: 0
[  4821.416] (II) modeset(0): v_active: 1080  v_sync: 1086  v_sync_end 1094 v_blanking: 1132 v_border: 0
[  4821.416] (II) modeset(0):  N156HGA-EA3
[  4821.416] (II) modeset(0):  CMN
[  4821.416] (II) modeset(0):  N156HGA-EA3
[  4821.416] (II) modeset(0): EDID (in hex):
[  4821.416] (II) modeset(0): 	00ffffffffffff000daef51500000000
[  4821.416] (II) modeset(0): 	0f1b0104952213780228659759548e27
[  4821.416] (II) modeset(0): 	1e505400000001010101010101010101
[  4821.416] (II) modeset(0): 	010101010101b43b804a71383440503c
[  4821.416] (II) modeset(0): 	680058c110000018000000fe004e3135
[  4821.416] (II) modeset(0): 	364847412d4541330a20000000fe0043
[  4821.416] (II) modeset(0): 	4d4e0a202020202020202020000000fe
[  4821.416] (II) modeset(0): 	004e3135364847412d4541330a2000d5
[  4821.416] (II) modeset(0): Printing probed modes for output eDP-1
[  4821.416] (II) modeset(0): Modeline "1920x1080"x60.0  152.84  1920 2000 2060 2250  1080 1086 1094 1132 -hsync -vsync (67.9 kHz eP)
[  4821.416] (II) modeset(0): Modeline "1920x1080"x120.0  356.38  1920 2080 2288 2656  1080 1081 1084 1118 doublescan -hsync +vsync (134.2 kHz d)
[  4821.416] (II) modeset(0): Modeline "1920x1080"x119.9  266.50  1920 1944 1960 2000  1080 1081 1084 1111 doublescan +hsync -vsync (133.2 kHz d)
[  4821.416] (II) modeset(0): Modeline "1920x1080"x60.0  173.00  1920 2048 2248 2576  1080 1083 1088 1120 -hsync +vsync (67.2 kHz d)
[  4821.416] (II) modeset(0): Modeline "1920x1080"x59.9  138.50  1920 1968 2000 2080  1080 1083 1088 1111 +hsync -vsync (66.6 kHz d)
[  4821.416] (II) modeset(0): Modeline "1680x1050"x60.0  146.25  1680 1784 1960 2240  1050 1053 1059 1089 -hsync +vsync (65.3 kHz d)
[  4821.416] (II) modeset(0): Modeline "1680x1050"x59.9  119.00  1680 1728 1760 1840  1050 1053 1059 1080 +hsync -vsync (64.7 kHz d)
[  4821.416] (II) modeset(0): Modeline "1400x1050"x60.0  122.00  1400 1488 1640 1880  1050 1052 1064 1082 +hsync +vsync (64.9 kHz d)
[  4821.416] (II) modeset(0): Modeline "1600x900"x120.0  246.00  1600 1728 1900 2200  900 901 904 932 doublescan -hsync +vsync (111.8 kHz d)
[  4821.416] (II) modeset(0): Modeline "1600x900"x119.9  186.50  1600 1624 1640 1680  900 901 904 926 doublescan +hsync -vsync (111.0 kHz d)
[  4821.416] (II) modeset(0): Modeline "1600x900"x59.9  118.25  1600 1696 1856 2112  900 903 908 934 -hsync +vsync (56.0 kHz d)
[  4821.416] (II) modeset(0): Modeline "1600x900"x59.8   97.50  1600 1648 1680 1760  900 903 908 926 +hsync -vsync (55.4 kHz d)
[  4821.416] (II) modeset(0): Modeline "1280x1024"x60.0  108.00  1280 1328 1440 1688  1024 1025 1028 1066 +hsync +vsync (64.0 kHz d)
[  4821.416] (II) modeset(0): Modeline "1400x900"x60.0  103.50  1400 1480 1624 1848  900 903 913 934 -hsync +vsync (56.0 kHz d)
[  4821.416] (II) modeset(0): Modeline "1400x900"x59.9   86.50  1400 1448 1480 1560  900 903 913 926 +hsync -vsync (55.4 kHz d)
[  4821.416] (II) modeset(0): Modeline "1280x960"x60.0  108.00  1280 1376 1488 1800  960 961 964 1000 +hsync +vsync (60.0 kHz d)
[  4821.416] (II) modeset(0): Modeline "1440x810"x120.0  198.12  1440 1548 1704 1968  810 811 814 839 doublescan -hsync +vsync (100.7 kHz d)
[  4821.416] (II) modeset(0): Modeline "1440x810"x119.9  151.88  1440 1464 1480 1520  810 811 814 833 doublescan +hsync -vsync (99.9 kHz d)
[  4821.416] (II) modeset(0): Modeline "1368x768"x59.9   85.25  1368 1440 1576 1784  768 771 781 798 -hsync +vsync (47.8 kHz d)
[  4821.416] (II) modeset(0): Modeline "1368x768"x59.9   72.25  1368 1416 1448 1528  768 771 781 790 +hsync -vsync (47.3 kHz d)
[  4821.416] (II) modeset(0): Modeline "1280x800"x120.0  174.25  1280 1380 1516 1752  800 801 804 829 doublescan -hsync +vsync (99.5 kHz d)
[  4821.416] (II) modeset(0): Modeline "1280x800"x119.9  134.25  1280 1304 1320 1360  800 801 804 823 doublescan +hsync -vsync (98.7 kHz d)
[  4821.416] (II) modeset(0): Modeline "1280x800"x59.8   83.50  1280 1352 1480 1680  800 803 809 831 -hsync +vsync (49.7 kHz d)
[  4821.416] (II) modeset(0): Modeline "1280x800"x59.9   71.00  1280 1328 1360 1440  800 803 809 823 +hsync -vsync (49.3 kHz d)
[  4821.416] (II) modeset(0): Modeline "1280x720"x120.0  156.12  1280 1376 1512 1744  720 721 724 746 doublescan -hsync +vsync (89.5 kHz d)
[  4821.416] (II) modeset(0): Modeline "1280x720"x120.0  120.75  1280 1304 1320 1360  720 721 724 740 doublescan +hsync -vsync (88.8 kHz d)
[  4821.416] (II) modeset(0): Modeline "1280x720"x59.9   74.50  1280 1344 1472 1664  720 723 728 748 -hsync +vsync (44.8 kHz d)
[  4821.416] (II) modeset(0): Modeline "1280x720"x59.7   63.75  1280 1328 1360 1440  720 723 728 741 +hsync -vsync (44.3 kHz d)
[  4821.416] (II) modeset(0): Modeline "1024x768"x120.1  133.47  1024 1100 1212 1400  768 768 770 794 doublescan -hsync +vsync (95.3 kHz d)
[  4821.416] (II) modeset(0): Modeline "1024x768"x60.0   65.00  1024 1048 1184 1344  768 771 777 806 -hsync -vsync (48.4 kHz d)
[  4821.416] (II) modeset(0): Modeline "960x720"x120.0  117.00  960 1024 1128 1300  720 720 722 750 doublescan -hsync +vsync (90.0 kHz d)
[  4821.416] (II) modeset(0): Modeline "928x696"x120.1  109.15  928 976 1088 1264  696 696 698 719 doublescan -hsync +vsync (86.4 kHz d)
[  4821.416] (II) modeset(0): Modeline "896x672"x120.0  102.40  896 960 1060 1224  672 672 674 697 doublescan -hsync +vsync (83.7 kHz d)
[  4821.416] (II) modeset(0): Modeline "1024x576"x119.9   98.50  1024 1092 1200 1376  576 577 580 597 doublescan -hsync +vsync (71.6 kHz d)
[  4821.416] (II) modeset(0): Modeline "1024x576"x119.9   78.38  1024 1048 1064 1104  576 577 580 592 doublescan +hsync -vsync (71.0 kHz d)
[  4821.416] (II) modeset(0): Modeline "1024x576"x59.9   46.50  1024 1064 1160 1296  576 579 584 599 -hsync +vsync (35.9 kHz d)
[  4821.416] (II) modeset(0): Modeline "1024x576"x59.8   42.00  1024 1072 1104 1184  576 579 584 593 +hsync -vsync (35.5 kHz d)
[  4821.416] (II) modeset(0): Modeline "960x600"x119.9   96.62  960 1028 1128 1296  600 601 604 622 doublescan -hsync +vsync (74.6 kHz d)
[  4821.416] (II) modeset(0): Modeline "960x600"x120.0   77.00  960 984 1000 1040  600 601 604 617 doublescan +hsync -vsync (74.0 kHz d)
[  4821.416] (II) modeset(0): Modeline "960x540"x119.9   86.50  960 1024 1124 1288  540 541 544 560 doublescan -hsync +vsync (67.2 kHz d)
[  4821.416] (II) modeset(0): Modeline "960x540"x120.0   69.25  960 984 1000 1040  540 541 544 555 doublescan +hsync -vsync (66.6 kHz d)
[  4821.416] (II) modeset(0): Modeline "960x540"x59.6   40.75  960 992 1088 1216  540 543 548 562 -hsync +vsync (33.5 kHz d)
[  4821.416] (II) modeset(0): Modeline "960x540"x59.8   37.25  960 1008 1040 1120  540 543 548 556 +hsync -vsync (33.3 kHz d)
[  4821.416] (II) modeset(0): Modeline "800x600"x120.0   81.00  800 832 928 1080  600 600 602 625 doublescan +hsync +vsync (75.0 kHz d)
[  4821.416] (II) modeset(0): Modeline "800x600"x60.3   40.00  800 840 968 1056  600 601 605 628 +hsync +vsync (37.9 kHz d)
[  4821.416] (II) modeset(0): Modeline "800x600"x56.2   36.00  800 824 896 1024  600 601 603 625 +hsync +vsync (35.2 kHz d)
[  4821.416] (II) modeset(0): Modeline "840x525"x120.0   73.12  840 892 980 1120  525 526 529 544 doublescan -hsync +vsync (65.3 kHz d)
[  4821.416] (II) modeset(0): Modeline "840x525"x119.8   59.50  840 864 880 920  525 526 529 540 doublescan +hsync -vsync (64.7 kHz d)
[  4821.416] (II) modeset(0): Modeline "864x486"x59.9   32.50  864 888 968 1072  486 489 494 506 -hsync +vsync (30.3 kHz d)
[  4821.416] (II) modeset(0): Modeline "864x486"x59.6   30.50  864 912 944 1024  486 489 494 500 +hsync -vsync (29.8 kHz d)
[  4821.416] (II) modeset(0): Modeline "700x525"x120.0   61.00  700 744 820 940  525 526 532 541 doublescan +hsync +vsync (64.9 kHz d)
[  4821.416] (II) modeset(0): Modeline "800x450"x119.9   59.12  800 848 928 1056  450 451 454 467 doublescan -hsync +vsync (56.0 kHz d)
[  4821.416] (II) modeset(0): Modeline "800x450"x119.6   48.75  800 824 840 880  450 451 454 463 doublescan +hsync -vsync (55.4 kHz d)
[  4821.416] (II) modeset(0): Modeline "640x512"x120.0   54.00  640 664 720 844  512 512 514 533 doublescan +hsync +vsync (64.0 kHz d)
[  4821.416] (II) modeset(0): Modeline "700x450"x119.9   51.75  700 740 812 924  450 451 456 467 doublescan -hsync +vsync (56.0 kHz d)
[  4821.416] (II) modeset(0): Modeline "700x450"x119.8   43.25  700 724 740 780  450 451 456 463 doublescan +hsync -vsync (55.4 kHz d)
[  4821.416] (II) modeset(0): Modeline "640x480"x120.0   54.00  640 688 744 900  480 480 482 500 doublescan +hsync +vsync (60.0 kHz d)
[  4821.416] (II) modeset(0): Modeline "640x480"x59.9   25.18  640 656 752 800  480 490 492 525 -hsync -vsync (31.5 kHz d)
[  4821.416] (II) modeset(0): Modeline "720x405"x59.5   22.50  720 744 808 896  405 408 413 422 -hsync +vsync (25.1 kHz d)
[  4821.416] (II) modeset(0): Modeline "720x405"x59.0   21.75  720 768 800 880  405 408 413 419 +hsync -vsync (24.7 kHz d)
[  4821.416] (II) modeset(0): Modeline "684x384"x119.8   42.62  684 720 788 892  384 385 390 399 doublescan -hsync +vsync (47.8 kHz d)
[  4821.416] (II) modeset(0): Modeline "684x384"x119.7   36.12  684 708 724 764  384 385 390 395 doublescan +hsync -vsync (47.3 kHz d)
[  4821.416] (II) modeset(0): Modeline "640x400"x119.8   41.75  640 676 740 840  400 401 404 415 doublescan -hsync +vsync (49.7 kHz d)
[  4821.416] (II) modeset(0): Modeline "640x400"x120.0   35.50  640 664 680 720  400 401 404 411 doublescan +hsync -vsync (49.3 kHz d)
[  4821.416] (II) modeset(0): Modeline "640x360"x119.7   37.25  640 672 736 832  360 361 364 374 doublescan -hsync +vsync (44.8 kHz d)
[  4821.416] (II) modeset(0): Modeline "640x360"x119.7   31.88  640 664 680 720  360 361 364 370 doublescan +hsync -vsync (44.3 kHz d)
[  4821.416] (II) modeset(0): Modeline "640x360"x59.8   18.00  640 664 720 800  360 363 368 376 -hsync +vsync (22.5 kHz d)
[  4821.416] (II) modeset(0): Modeline "640x360"x59.3   17.75  640 688 720 800  360 363 368 374 +hsync -vsync (22.2 kHz d)
[  4821.416] (II) modeset(0): Modeline "512x384"x120.0   32.50  512 524 592 672  384 385 388 403 doublescan -hsync -vsync (48.4 kHz d)
[  4821.416] (II) modeset(0): Modeline "512x288"x120.0   23.25  512 532 580 648  288 289 292 299 doublescan -hsync +vsync (35.9 kHz d)
[  4821.416] (II) modeset(0): Modeline "512x288"x119.8   21.00  512 536 552 592  288 289 292 296 doublescan +hsync -vsync (35.5 kHz d)
[  4821.416] (II) modeset(0): Modeline "480x270"x119.3   20.38  480 496 544 608  270 271 274 281 doublescan -hsync +vsync (33.5 kHz d)
[  4821.416] (II) modeset(0): Modeline "480x270"x119.6   18.62  480 504 520 560  270 271 274 278 doublescan +hsync -vsync (33.3 kHz d)
[  4821.416] (II) modeset(0): Modeline "400x300"x120.6   20.00  400 420 484 528  300 300 302 314 doublescan +hsync +vsync (37.9 kHz d)
[  4821.416] (II) modeset(0): Modeline "400x300"x112.7   18.00  400 412 448 512  300 300 301 312 doublescan +hsync +vsync (35.2 kHz d)
[  4821.416] (II) modeset(0): Modeline "432x243"x119.8   16.25  432 444 484 536  243 244 247 253 doublescan -hsync +vsync (30.3 kHz d)
[  4821.416] (II) modeset(0): Modeline "432x243"x119.1   15.25  432 456 472 512  243 244 247 250 doublescan +hsync -vsync (29.8 kHz d)
[  4821.416] (II) modeset(0): Modeline "320x240"x120.1   12.59  320 328 376 400  240 245 246 262 doublescan -hsync -vsync (31.5 kHz d)
[  4821.416] (II) modeset(0): Modeline "360x202"x119.0   11.25  360 372 404 448  202 204 206 211 doublescan -hsync +vsync (25.1 kHz d)
[  4821.416] (II) modeset(0): Modeline "360x202"x118.3   10.88  360 384 400 440  202 204 206 209 doublescan +hsync -vsync (24.7 kHz d)
[  4821.416] (II) modeset(0): Modeline "320x180"x119.7    9.00  320 332 360 400  180 181 184 188 doublescan -hsync +vsync (22.5 kHz d)
[  4821.416] (II) modeset(0): Modeline "320x180"x118.6    8.88  320 344 360 400  180 181 184 187 doublescan +hsync -vsync (22.2 kHz d)
[  4821.416] (II) modeset(0): EDID for output HDMI-1
[  4821.416] (II) modeset(0): Output eDP-1 connected
[  4821.416] (II) modeset(0): Output HDMI-1 disconnected
[  4821.416] (II) modeset(0): Using exact sizes for initial modes
[  4821.416] (II) modeset(0): Output eDP-1 using initial mode 1920x1080 +0+0
[  4821.416] (==) modeset(0): Using gamma correction (1.0, 1.0, 1.0)
[  4821.416] (==) modeset(0): DPI set to (96, 96)
[  4821.416] (II) Loading sub module "fb"
[  4821.416] (II) LoadModule: "fb"
[  4821.416] (II) Module "fb" already built-in
[  4821.428] (==) modeset(0): Backing store enabled
[  4821.428] (==) modeset(0): Silken mouse enabled
[  4821.511] (II) modeset(0): Initializing kms color map for depth 24, 8 bpc.
[  4821.511] (==) modeset(0): DPMS enabled
[  4821.511] (II) modeset(0): [DRI2] Setup complete
[  4821.511] (II) modeset(0): [DRI2]   DRI driver: iris
[  4821.511] (II) modeset(0): [DRI2]   VDPAU driver: va_gl
[  4821.511] (II) Initializing extension Generic Event Extension
[  4821.511] (II) Initializing extension SHAPE
[  4821.511] (II) Initializing extension MIT-SHM
[  4821.512] (II) Initializing extension XInputExtension
[  4821.512] (II) Initializing extension XTEST
[  4821.512] (II) Initializing extension BIG-REQUESTS
[  4821.512] (II) Initializing extension SYNC
[  4821.512] (II) Initializing extension XKEYBOARD
[  4821.513] (II) Initializing extension XC-MISC
[  4821.513] (II) Initializing extension SECURITY
[  4821.513] (II) Initializing extension XFIXES
[  4821.513] (II) Initializing extension RENDER
[  4821.513] (II) Initializing extension RANDR
[  4821.514] (II) Initializing extension COMPOSITE
[  4821.514] (II) Initializing extension DAMAGE
[  4821.514] (II) Initializing extension MIT-SCREEN-SAVER
[  4821.514] (II) Initializing extension DOUBLE-BUFFER
[  4821.514] (II) Initializing extension RECORD
[  4821.515] (II) Initializing extension DPMS
[  4821.515] (II) Initializing extension Present
[  4821.515] (II) Initializing extension DRI3
[  4821.515] (II) Initializing extension X-Resource
[  4821.515] (II) Initializing extension XVideo
[  4821.515] (II) Initializing extension XVideo-MotionCompensation
[  4821.515] (II) Initializing extension GLX
[  4821.525] (II) AIGLX: Loaded and initialized iris
[  4821.525] (II) GLX: Initialized DRI2 GL provider for screen 0
[  4821.525] (II) Initializing extension XFree86-VidModeExtension
[  4821.525] (II) Initializing extension XFree86-DGA
[  4821.525] (II) Initializing extension XFree86-DRI
[  4821.525] (II) Initializing extension DRI2
[  4821.526] (II) modeset(0): Damage tracking initialized
[  4821.526] (II) modeset(0): Setting screen physical size to 508 x 285
[  4821.555] (II) config/udev: Adding input device Power Button (/dev/input/event2)
[  4821.555] (**) Power Button: Applying InputClass "libinput keyboard catchall"
[  4821.555] (II) LoadModule: "libinput"
[  4821.555] (II) Loading /usr/lib/xorg/modules/input/libinput_drv.so
[  4821.556] (II) Module libinput: vendor="X.Org Foundation"
[  4821.556] 	compiled for 1.21.1.8, module version = 1.3.0
[  4821.556] 	Module class: X.Org XInput Driver
[  4821.556] 	ABI class: X.Org XInput driver, version 24.4
[  4821.556] (II) Using input driver 'libinput' for 'Power Button'
[  4821.557] (II) systemd-logind: got fd for /dev/input/event2 13:66 fd 27 paused 0
[  4821.557] (**) Power Button: always reports core events
[  4821.557] (**) Option "Device" "/dev/input/event2"
[  4821.563] (II) event2  - Power Button: is tagged by udev as: Keyboard
[  4821.563] (II) event2  - Power Button: device is a keyboard
[  4821.563] (II) event2  - Power Button: device removed
[  4821.563] (**) Option "config_info" "udev:/sys/devices/LNXSYSTM:00/LNXPWRBN:00/input/input2/event2"
[  4821.563] (II) XINPUT: Adding extended input device "Power Button" (type: KEYBOARD, id 6)
[  4821.563] (II) event2  - Power Button: is tagged by udev as: Keyboard
[  4821.564] (II) event2  - Power Button: device is a keyboard
[  4821.564] (II) config/udev: Adding input device Video Bus (/dev/input/event4)
[  4821.564] (**) Video Bus: Applying InputClass "libinput keyboard catchall"
[  4821.564] (II) Using input driver 'libinput' for 'Video Bus'
[  4821.565] (II) systemd-logind: got fd for /dev/input/event4 13:68 fd 30 paused 0
[  4821.565] (**) Video Bus: always reports core events
[  4821.565] (**) Option "Device" "/dev/input/event4"
[  4821.565] (II) event4  - Video Bus: is tagged by udev as: Keyboard
[  4821.565] (II) event4  - Video Bus: device is a keyboard
[  4821.566] (II) event4  - Video Bus: device removed
[  4821.566] (**) Option "config_info" "udev:/sys/devices/LNXSYSTM:00/LNXSYBUS:00/PNP0A08:00/LNXVIDEO:00/input/input4/event4"
[  4821.566] (II) XINPUT: Adding extended input device "Video Bus" (type: KEYBOARD, id 7)
[  4821.566] (II) event4  - Video Bus: is tagged by udev as: Keyboard
[  4821.566] (II) event4  - Video Bus: device is a keyboard
[  4821.567] (II) config/udev: Adding input device Lid Switch (/dev/input/event0)
[  4821.567] (II) No input driver specified, ignoring this device.
[  4821.567] (II) This device may have been added with another device file.
[  4821.567] (II) config/udev: Adding input device Power Button (/dev/input/event1)
[  4821.567] (**) Power Button: Applying InputClass "libinput keyboard catchall"
[  4821.567] (II) Using input driver 'libinput' for 'Power Button'
[  4821.567] (II) systemd-logind: got fd for /dev/input/event1 13:65 fd 31 paused 0
[  4821.567] (**) Power Button: always reports core events
[  4821.567] (**) Option "Device" "/dev/input/event1"
[  4821.568] (II) event1  - Power Button: is tagged by udev as: Keyboard
[  4821.568] (II) event1  - Power Button: device is a keyboard
[  4821.568] (II) event1  - Power Button: device removed
[  4821.568] (**) Option "config_info" "udev:/sys/devices/LNXSYSTM:00/LNXSYBUS:00/PNP0C0C:00/input/input1/event1"
[  4821.568] (II) XINPUT: Adding extended input device "Power Button" (type: KEYBOARD, id 8)
[  4821.569] (II) event1  - Power Button: is tagged by udev as: Keyboard
[  4821.569] (II) event1  - Power Button: device is a keyboard
[  4821.569] (II) config/udev: Adding input device ELAN1200:00 04F3:3087 Touchpad (/dev/input/event7)
[  4821.569] (**) ELAN1200:00 04F3:3087 Touchpad: Applying InputClass "libinput touchpad catchall"
[  4821.569] (II) Using input driver 'libinput' for 'ELAN1200:00 04F3:3087 Touchpad'
[  4821.570] (II) systemd-logind: got fd for /dev/input/event7 13:71 fd 32 paused 0
[  4821.570] (**) ELAN1200:00 04F3:3087 Touchpad: always reports core events
[  4821.570] (**) Option "Device" "/dev/input/event7"
[  4821.571] (II) event7  - ELAN1200:00 04F3:3087 Touchpad: is tagged by udev as: Touchpad
[  4821.572] (II) event7  - ELAN1200:00 04F3:3087 Touchpad: device is a touchpad
[  4821.573] (II) event7  - ELAN1200:00 04F3:3087 Touchpad: device removed
[  4821.573] (II) libinput: ELAN1200:00 04F3:3087 Touchpad: Step value 0 was provided, libinput Fallback acceleration function is used.
[  4821.573] (II) libinput: ELAN1200:00 04F3:3087 Touchpad: Step value 0 was provided, libinput Fallback acceleration function is used.
[  4821.573] (II) libinput: ELAN1200:00 04F3:3087 Touchpad: Step value 0 was provided, libinput Fallback acceleration function is used.
[  4821.573] (**) Option "config_info" "udev:/sys/devices/pci0000:00/0000:00:15.1/i2c_designware.1/i2c-12/i2c-ELAN1200:00/0018:04F3:3087.0001/input/input10/event7"
[  4821.573] (II) XINPUT: Adding extended input device "ELAN1200:00 04F3:3087 Touchpad" (type: TOUCHPAD, id 9)
[  4821.575] (**) Option "AccelerationScheme" "none"
[  4821.575] (**) ELAN1200:00 04F3:3087 Touchpad: (accel) selected scheme none/0
[  4821.575] (**) ELAN1200:00 04F3:3087 Touchpad: (accel) acceleration factor: 2.000
[  4821.575] (**) ELAN1200:00 04F3:3087 Touchpad: (accel) acceleration threshold: 4
[  4821.575] (II) event7  - ELAN1200:00 04F3:3087 Touchpad: is tagged by udev as: Touchpad
[  4821.577] (II) event7  - ELAN1200:00 04F3:3087 Touchpad: device is a touchpad
[  4821.578] (II) config/udev: Adding input device ELAN1200:00 04F3:3087 Touchpad (/dev/input/mouse1)
[  4821.578] (II) No input driver specified, ignoring this device.
[  4821.578] (II) This device may have been added with another device file.
[  4821.578] (II) config/udev: Adding input device ELAN1200:00 04F3:3087 Mouse (/dev/input/event6)
[  4821.578] (**) ELAN1200:00 04F3:3087 Mouse: Applying InputClass "libinput pointer catchall"
[  4821.578] (II) Using input driver 'libinput' for 'ELAN1200:00 04F3:3087 Mouse'
[  4821.579] (II) systemd-logind: got fd for /dev/input/event6 13:70 fd 33 paused 0
[  4821.579] (**) ELAN1200:00 04F3:3087 Mouse: always reports core events
[  4821.579] (**) Option "Device" "/dev/input/event6"
[  4821.579] (II) event6  - ELAN1200:00 04F3:3087 Mouse: is tagged by udev as: Mouse Pointingstick
[  4821.580] (II) event6  - ELAN1200:00 04F3:3087 Mouse: device is a pointer
[  4821.580] (II) event6  - ELAN1200:00 04F3:3087 Mouse: device removed
[  4821.580] (II) libinput: ELAN1200:00 04F3:3087 Mouse: Step value 0 was provided, libinput Fallback acceleration function is used.
[  4821.580] (II) libinput: ELAN1200:00 04F3:3087 Mouse: Step value 0 was provided, libinput Fallback acceleration function is used.
[  4821.580] (II) libinput: ELAN1200:00 04F3:3087 Mouse: Step value 0 was provided, libinput Fallback acceleration function is used.
[  4821.580] (**) Option "config_info" "udev:/sys/devices/pci0000:00/0000:00:15.1/i2c_designware.1/i2c-12/i2c-ELAN1200:00/0018:04F3:3087.0001/input/input9/event6"
[  4821.580] (II) XINPUT: Adding extended input device "ELAN1200:00 04F3:3087 Mouse" (type: MOUSE, id 10)
[  4821.580] (**) Option "AccelerationScheme" "none"
[  4821.580] (**) ELAN1200:00 04F3:3087 Mouse: (accel) selected scheme none/0
[  4821.580] (**) ELAN1200:00 04F3:3087 Mouse: (accel) acceleration factor: 2.000
[  4821.580] (**) ELAN1200:00 04F3:3087 Mouse: (accel) acceleration threshold: 4
[  4821.581] (II) event6  - ELAN1200:00 04F3:3087 Mouse: is tagged by udev as: Mouse Pointingstick
[  4821.581] (II) event6  - ELAN1200:00 04F3:3087 Mouse: device is a pointer
[  4821.582] (II) config/udev: Adding input device ELAN1200:00 04F3:3087 Mouse (/dev/input/mouse0)
[  4821.582] (II) No input driver specified, ignoring this device.
[  4821.582] (II) This device may have been added with another device file.
[  4821.582] (II) config/udev: Adding input device HDA Intel PCH Headphone (/dev/input/event9)
[  4821.582] (II) No input driver specified, ignoring this device.
[  4821.582] (II) This device may have been added with another device file.
[  4821.582] (II) config/udev: Adding input device HDA Intel PCH HDMI/DP,pcm=3 (/dev/input/event10)
[  4821.582] (II) No input driver specified, ignoring this device.
[  4821.582] (II) This device may have been added with another device file.
[  4821.583] (II) config/udev: Adding input device HDA Intel PCH HDMI/DP,pcm=7 (/dev/input/event11)
[  4821.583] (II) No input driver specified, ignoring this device.
[  4821.583] (II) This device may have been added with another device file.
[  4821.583] (II) config/udev: Adding input device HDA Intel PCH HDMI/DP,pcm=8 (/dev/input/event12)
[  4821.583] (II) No input driver specified, ignoring this device.
[  4821.583] (II) This device may have been added with another device file.
[  4821.583] (II) config/udev: Adding input device HDA Intel PCH HDMI/DP,pcm=9 (/dev/input/event13)
[  4821.583] (II) No input driver specified, ignoring this device.
[  4821.583] (II) This device may have been added with another device file.
[  4821.583] (II) config/udev: Adding input device Asus WMI hotkeys (/dev/input/event8)
[  4821.583] (**) Asus WMI hotkeys: Applying InputClass "libinput keyboard catchall"
[  4821.583] (II) Using input driver 'libinput' for 'Asus WMI hotkeys'
[  4821.584] (II) systemd-logind: got fd for /dev/input/event8 13:72 fd 34 paused 0
[  4821.584] (**) Asus WMI hotkeys: always reports core events
[  4821.584] (**) Option "Device" "/dev/input/event8"
[  4821.585] (II) event8  - Asus WMI hotkeys: is tagged by udev as: Keyboard
[  4821.585] (II) event8  - Asus WMI hotkeys: device is a keyboard
[  4821.585] (II) event8  - Asus WMI hotkeys: device removed
[  4821.585] (**) Option "config_info" "udev:/sys/devices/platform/asus-nb-wmi/input/input8/event8"
[  4821.585] (II) XINPUT: Adding extended input device "Asus WMI hotkeys" (type: KEYBOARD, id 11)
[  4821.586] (II) event8  - Asus WMI hotkeys: is tagged by udev as: Keyboard
[  4821.586] (II) event8  - Asus WMI hotkeys: device is a keyboard
[  4821.586] (II) config/udev: Adding input device AT Translated Set 2 keyboard (/dev/input/event3)
[  4821.586] (**) AT Translated Set 2 keyboard: Applying InputClass "libinput keyboard catchall"
[  4821.586] (II) Using input driver 'libinput' for 'AT Translated Set 2 keyboard'
[  4821.587] (II) systemd-logind: got fd for /dev/input/event3 13:67 fd 35 paused 0
[  4821.587] (**) AT Translated Set 2 keyboard: always reports core events
[  4821.587] (**) Option "Device" "/dev/input/event3"
[  4821.588] (II) event3  - AT Translated Set 2 keyboard: is tagged by udev as: Keyboard
[  4821.588] (II) event3  - AT Translated Set 2 keyboard: device is a keyboard
[  4821.588] (II) event3  - AT Translated Set 2 keyboard: device removed
[  4821.588] (**) Option "config_info" "udev:/sys/devices/platform/i8042/serio0/input/input3/event3"
[  4821.588] (II) XINPUT: Adding extended input device "AT Translated Set 2 keyboard" (type: KEYBOARD, id 12)
[  4821.589] (II) event3  - AT Translated Set 2 keyboard: is tagged by udev as: Keyboard
[  4821.589] (II) event3  - AT Translated Set 2 keyboard: device is a keyboard
[  4821.589] (II) config/udev: Adding input device PC Speaker (/dev/input/event5)
[  4821.590] (II) No input driver specified, ignoring this device.
[  4821.590] (II) This device may have been added with another device file.
[  4843.466] (**) Option "fd" "27"
[  4843.466] (II) event2  - Power Button: device removed
[  4843.467] (**) Option "fd" "30"
[  4843.467] (II) event4  - Video Bus: device removed
[  4843.467] (**) Option "fd" "31"
[  4843.467] (II) event1  - Power Button: device removed
[  4843.467] (**) Option "fd" "32"
[  4843.467] (II) event7  - ELAN1200:00 04F3:3087 Touchpad: device removed
[  4843.467] (**) Option "fd" "33"
[  4843.467] (II) event6  - ELAN1200:00 04F3:3087 Mouse: device removed
[  4843.467] (**) Option "fd" "34"
[  4843.467] (II) event8  - Asus WMI hotkeys: device removed
[  4843.467] (**) Option "fd" "35"
[  4843.467] (II) event3  - AT Translated Set 2 keyboard: device removed
[  4843.467] (II) AIGLX: Suspending AIGLX clients for VT switch
[  4843.469] (II) systemd-logind: got pause for 13:71
[  4843.469] (II) systemd-logind: got pause for 13:66
[  4843.469] (II) systemd-logind: got pause for 13:65
[  4843.469] (II) systemd-logind: got pause for 13:67
[  4843.469] (II) systemd-logind: got pause for 13:68
[  4843.469] (II) systemd-logind: got pause for 13:72
[  4843.469] (II) systemd-logind: got pause for 13:70
[ 31743.352] (II) UnloadModule: "libinput"
[ 31743.353] (II) systemd-logind: releasing fd for 13:67
[ 31744.021] (II) UnloadModule: "libinput"
[ 31744.021] (II) systemd-logind: releasing fd for 13:72
[ 31744.130] (II) UnloadModule: "libinput"
[ 31744.131] (II) systemd-logind: releasing fd for 13:70
[ 31744.157] (II) UnloadModule: "libinput"
[ 31744.157] (II) systemd-logind: releasing fd for 13:71
[ 31744.181] (II) UnloadModule: "libinput"
[ 31744.181] (II) systemd-logind: releasing fd for 13:65
[ 31744.204] (II) UnloadModule: "libinput"
[ 31744.204] (II) systemd-logind: releasing fd for 13:68
[ 31744.238] (II) UnloadModule: "libinput"
[ 31744.238] (II) systemd-logind: releasing fd for 13:66
[ 31744.257] (WW) xf86CloseConsole: KDSETMODE failed: Input/output error
[ 31744.257] (WW) xf86CloseConsole: VT_GETMODE failed: Input/output error
[ 31744.257] (WW) xf86OpenConsole: VT_GETSTATE failed: Input/output error
[ 31744.258] (II) Server terminated successfully (0). Closing log file.
