[    28.919] 
X.Org X Server 1.21.1.8
X Protocol Version 11, Revision 0
[    28.920] Current Operating System: Linux SYN-TESTBUILD 6.3.3-arch1-1 #1 SMP PREEMPT_DYNAMIC Sun, 21 May 2023 16:15:22 +0000 x86_64
[    28.920] Kernel command line: initrd=\initramfs-linux.img root=/dev/nvme0n1p2 rw
[    28.920]  
[    28.920] Current version of pixman: 0.42.2
[    28.920] 	Before reporting problems, check http://wiki.x.org
	to make sure that you have the latest version.
[    28.920] Markers: (--) probed, (**) from config file, (==) default setting,
	(++) from command line, (!!) notice, (II) informational,
	(WW) warning, (EE) error, (NI) not implemented, (??) unknown.
[    28.921] (==) Log file: "/home/syntax990/.local/share/xorg/Xorg.0.log", Time: Wed May  3 07:41:29 2023
[    28.922] (==) Using system config directory "/usr/share/X11/xorg.conf.d"
[    28.922] (==) No Layout section.  Using the first Screen section.
[    28.922] (==) No screen section available. Using defaults.
[    28.922] (**) |-->Screen "Default Screen Section" (0)
[    28.922] (**) |   |-->Monitor "<default monitor>"
[    28.922] (==) No monitor specified for screen "Default Screen Section".
	Using a default monitor configuration.
[    28.922] (==) Automatically adding devices
[    28.922] (==) Automatically enabling devices
[    28.922] (==) Automatically adding GPU devices
[    28.922] (==) Automatically binding GPU devices
[    28.922] (==) Max clients allowed: 256, resource mask: 0x1fffff
[    28.923] (WW) `fonts.dir' not found (or not valid) in "/usr/share/fonts/misc".
[    28.923] 	Entry deleted from font path.
[    28.923] 	(Run 'mkfontdir' on "/usr/share/fonts/misc").
[    28.924] (WW) `fonts.dir' not found (or not valid) in "/usr/share/fonts/TTF".
[    28.924] 	Entry deleted from font path.
[    28.924] 	(Run 'mkfontdir' on "/usr/share/fonts/TTF").
[    28.924] (WW) The directory "/usr/share/fonts/OTF" does not exist.
[    28.924] 	Entry deleted from font path.
[    28.924] (WW) The directory "/usr/share/fonts/Type1" does not exist.
[    28.924] 	Entry deleted from font path.
[    28.924] (WW) The directory "/usr/share/fonts/100dpi" does not exist.
[    28.924] 	Entry deleted from font path.
[    28.924] (WW) The directory "/usr/share/fonts/75dpi" does not exist.
[    28.924] 	Entry deleted from font path.
[    28.924] (==) FontPath set to:
	
[    28.924] (==) ModulePath set to "/usr/lib/xorg/modules"
[    28.924] (II) The server relies on udev to provide the list of input devices.
	If no devices become available, reconfigure udev or disable AutoAddDevices.
[    28.924] (II) Module ABI versions:
[    28.924] 	X.Org ANSI C Emulation: 0.4
[    28.924] 	X.Org Video Driver: 25.2
[    28.924] 	X.Org XInput driver : 24.4
[    28.924] 	X.Org Server Extension : 10.0
[    28.925] (++) using VT number 1

[    28.925] (II) systemd-logind: took control of session /org/freedesktop/login1/session/_31
[    28.926] (II) xfree86: Adding drm device (/dev/dri/card0)
[    28.926] (II) Platform probe for /sys/devices/pci0000:00/0000:00:02.0/drm/card0
[    28.926] (II) systemd-logind: got fd for /dev/dri/card0 226:0 fd 13 paused 0
[    28.927] (--) PCI:*(0@0:2:0) 8086:8a56:1043:1ec1 rev 7, Mem @ 0x6000000000/16777216, 0x4000000000/268435456, I/O @ 0x00003000/64, BIOS @ 0x????????/131072
[    28.927] (WW) Open ACPI failed (/var/run/acpid.socket) (No such file or directory)
[    28.927] (II) LoadModule: "glx"
[    28.927] (II) Loading /usr/lib/xorg/modules/extensions/libglx.so
[    28.931] (II) Module glx: vendor="X.Org Foundation"
[    28.931] 	compiled for 1.21.1.8, module version = 1.0.0
[    28.931] 	ABI class: X.Org Server Extension, version 10.0
[    28.931] (==) Matched intel as autoconfigured driver 0
[    28.931] (==) Matched modesetting as autoconfigured driver 1
[    28.931] (==) Matched fbdev as autoconfigured driver 2
[    28.931] (==) Matched vesa as autoconfigured driver 3
[    28.931] (==) Assigned the driver to the xf86ConfigLayout
[    28.931] (II) LoadModule: "intel"
[    28.932] (WW) Warning, couldn't open module intel
[    28.932] (EE) Failed to load module "intel" (module does not exist, 0)
[    28.932] (II) LoadModule: "modesetting"
[    28.932] (II) Loading /usr/lib/xorg/modules/drivers/modesetting_drv.so
[    28.933] (II) Module modesetting: vendor="X.Org Foundation"
[    28.933] 	compiled for 1.21.1.8, module version = 1.21.1
[    28.933] 	Module class: X.Org Video Driver
[    28.933] 	ABI class: X.Org Video Driver, version 25.2
[    28.933] (II) LoadModule: "fbdev"
[    28.933] (WW) Warning, couldn't open module fbdev
[    28.933] (EE) Failed to load module "fbdev" (module does not exist, 0)
[    28.933] (II) LoadModule: "vesa"
[    28.933] (WW) Warning, couldn't open module vesa
[    28.933] (EE) Failed to load module "vesa" (module does not exist, 0)
[    28.933] (II) modesetting: Driver for Modesetting Kernel Drivers: kms
[    28.933] (II) modeset(0): using drv /dev/dri/card0
[    28.933] (WW) VGA arbiter: cannot open kernel arbiter, no multi-card support
[    28.933] (II) modeset(0): Creating default Display subsection in Screen section
	"Default Screen Section" for depth/fbbpp 24/32
[    28.933] (==) modeset(0): Depth 24, (==) framebuffer bpp 32
[    28.933] (==) modeset(0): RGB weight 888
[    28.933] (==) modeset(0): Default visual is TrueColor
[    28.933] (II) Loading sub module "glamoregl"
[    28.933] (II) LoadModule: "glamoregl"
[    28.933] (II) Loading /usr/lib/xorg/modules/libglamoregl.so
[    28.937] (II) Module glamoregl: vendor="X.Org Foundation"
[    28.937] 	compiled for 1.21.1.8, module version = 1.0.1
[    28.937] 	ABI class: X.Org ANSI C Emulation, version 0.4
[    29.095] (II) modeset(0): glamor X acceleration enabled on Mesa Intel(R) UHD Graphics (ICL GT1)
[    29.095] (II) modeset(0): glamor initialized
[    29.095] (==) modeset(0): VariableRefresh: disabled
[    29.095] (==) modeset(0): AsyncFlipSecondaries: disabled
[    29.097] (II) modeset(0): Output eDP-1 has no monitor section
[    29.097] (II) modeset(0): Output HDMI-1 has no monitor section
[    29.099] (II) modeset(0): EDID for output eDP-1
[    29.099] (II) modeset(0): Manufacturer: CMN  Model: 15f5  Serial#: 0
[    29.099] (II) modeset(0): Year: 2017  Week: 15
[    29.099] (II) modeset(0): EDID Version: 1.4
[    29.099] (II) modeset(0): Digital Display Input
[    29.099] (II) modeset(0): 6 bits per channel
[    29.099] (II) modeset(0): Digital interface is DisplayPort
[    29.099] (II) modeset(0): Max Image Size [cm]: horiz.: 34  vert.: 19
[    29.099] (II) modeset(0): Gamma: 2.20
[    29.099] (II) modeset(0): No DPMS capabilities specified
[    29.099] (II) modeset(0): Supported color encodings: RGB 4:4:4 
[    29.099] (II) modeset(0): First detailed timing is preferred mode
[    29.099] (II) modeset(0): Preferred mode is native pixel format and refresh rate
[    29.099] (II) modeset(0): redX: 0.590 redY: 0.350   greenX: 0.330 greenY: 0.555
[    29.099] (II) modeset(0): blueX: 0.153 blueY: 0.119   whiteX: 0.313 whiteY: 0.329
[    29.099] (II) modeset(0): Manufacturer's mask: 0
[    29.099] (II) modeset(0): Supported detailed timing:
[    29.099] (II) modeset(0): clock: 152.8 MHz   Image Size:  344 x 193 mm
[    29.099] (II) modeset(0): h_active: 1920  h_sync: 2000  h_sync_end 2060 h_blank_end 2250 h_border: 0
[    29.099] (II) modeset(0): v_active: 1080  v_sync: 1086  v_sync_end 1094 v_blanking: 1132 v_border: 0
[    29.099] (II) modeset(0):  N156HGA-EA3
[    29.099] (II) modeset(0):  CMN
[    29.099] (II) modeset(0):  N156HGA-EA3
[    29.099] (II) modeset(0): EDID (in hex):
[    29.099] (II) modeset(0): 	00ffffffffffff000daef51500000000
[    29.099] (II) modeset(0): 	0f1b0104952213780228659759548e27
[    29.099] (II) modeset(0): 	1e505400000001010101010101010101
[    29.099] (II) modeset(0): 	010101010101b43b804a71383440503c
[    29.099] (II) modeset(0): 	680058c110000018000000fe004e3135
[    29.099] (II) modeset(0): 	364847412d4541330a20000000fe0043
[    29.099] (II) modeset(0): 	4d4e0a202020202020202020000000fe
[    29.099] (II) modeset(0): 	004e3135364847412d4541330a2000d5
[    29.099] (II) modeset(0): Printing probed modes for output eDP-1
[    29.099] (II) modeset(0): Modeline "1920x1080"x60.0  152.84  1920 2000 2060 2250  1080 1086 1094 1132 -hsync -vsync (67.9 kHz eP)
[    29.099] (II) modeset(0): Modeline "1920x1080"x120.0  356.38  1920 2080 2288 2656  1080 1081 1084 1118 doublescan -hsync +vsync (134.2 kHz d)
[    29.099] (II) modeset(0): Modeline "1920x1080"x119.9  266.50  1920 1944 1960 2000  1080 1081 1084 1111 doublescan +hsync -vsync (133.2 kHz d)
[    29.099] (II) modeset(0): Modeline "1920x1080"x60.0  173.00  1920 2048 2248 2576  1080 1083 1088 1120 -hsync +vsync (67.2 kHz d)
[    29.099] (II) modeset(0): Modeline "1920x1080"x59.9  138.50  1920 1968 2000 2080  1080 1083 1088 1111 +hsync -vsync (66.6 kHz d)
[    29.099] (II) modeset(0): Modeline "1680x1050"x60.0  146.25  1680 1784 1960 2240  1050 1053 1059 1089 -hsync +vsync (65.3 kHz d)
[    29.099] (II) modeset(0): Modeline "1680x1050"x59.9  119.00  1680 1728 1760 1840  1050 1053 1059 1080 +hsync -vsync (64.7 kHz d)
[    29.099] (II) modeset(0): Modeline "1400x1050"x60.0  122.00  1400 1488 1640 1880  1050 1052 1064 1082 +hsync +vsync (64.9 kHz d)
[    29.099] (II) modeset(0): Modeline "1600x900"x120.0  246.00  1600 1728 1900 2200  900 901 904 932 doublescan -hsync +vsync (111.8 kHz d)
[    29.099] (II) modeset(0): Modeline "1600x900"x119.9  186.50  1600 1624 1640 1680  900 901 904 926 doublescan +hsync -vsync (111.0 kHz d)
[    29.099] (II) modeset(0): Modeline "1600x900"x59.9  118.25  1600 1696 1856 2112  900 903 908 934 -hsync +vsync (56.0 kHz d)
[    29.099] (II) modeset(0): Modeline "1600x900"x59.8   97.50  1600 1648 1680 1760  900 903 908 926 +hsync -vsync (55.4 kHz d)
[    29.099] (II) modeset(0): Modeline "1280x1024"x60.0  108.00  1280 1328 1440 1688  1024 1025 1028 1066 +hsync +vsync (64.0 kHz d)
[    29.099] (II) modeset(0): Modeline "1400x900"x60.0  103.50  1400 1480 1624 1848  900 903 913 934 -hsync +vsync (56.0 kHz d)
[    29.099] (II) modeset(0): Modeline "1400x900"x59.9   86.50  1400 1448 1480 1560  900 903 913 926 +hsync -vsync (55.4 kHz d)
[    29.099] (II) modeset(0): Modeline "1280x960"x60.0  108.00  1280 1376 1488 1800  960 961 964 1000 +hsync +vsync (60.0 kHz d)
[    29.099] (II) modeset(0): Modeline "1440x810"x120.0  198.12  1440 1548 1704 1968  810 811 814 839 doublescan -hsync +vsync (100.7 kHz d)
[    29.100] (II) modeset(0): Modeline "1440x810"x119.9  151.88  1440 1464 1480 1520  810 811 814 833 doublescan +hsync -vsync (99.9 kHz d)
[    29.100] (II) modeset(0): Modeline "1368x768"x59.9   85.25  1368 1440 1576 1784  768 771 781 798 -hsync +vsync (47.8 kHz d)
[    29.100] (II) modeset(0): Modeline "1368x768"x59.9   72.25  1368 1416 1448 1528  768 771 781 790 +hsync -vsync (47.3 kHz d)
[    29.100] (II) modeset(0): Modeline "1280x800"x120.0  174.25  1280 1380 1516 1752  800 801 804 829 doublescan -hsync +vsync (99.5 kHz d)
[    29.100] (II) modeset(0): Modeline "1280x800"x119.9  134.25  1280 1304 1320 1360  800 801 804 823 doublescan +hsync -vsync (98.7 kHz d)
[    29.100] (II) modeset(0): Modeline "1280x800"x59.8   83.50  1280 1352 1480 1680  800 803 809 831 -hsync +vsync (49.7 kHz d)
[    29.100] (II) modeset(0): Modeline "1280x800"x59.9   71.00  1280 1328 1360 1440  800 803 809 823 +hsync -vsync (49.3 kHz d)
[    29.100] (II) modeset(0): Modeline "1280x720"x120.0  156.12  1280 1376 1512 1744  720 721 724 746 doublescan -hsync +vsync (89.5 kHz d)
[    29.100] (II) modeset(0): Modeline "1280x720"x120.0  120.75  1280 1304 1320 1360  720 721 724 740 doublescan +hsync -vsync (88.8 kHz d)
[    29.100] (II) modeset(0): Modeline "1280x720"x59.9   74.50  1280 1344 1472 1664  720 723 728 748 -hsync +vsync (44.8 kHz d)
[    29.100] (II) modeset(0): Modeline "1280x720"x59.7   63.75  1280 1328 1360 1440  720 723 728 741 +hsync -vsync (44.3 kHz d)
[    29.100] (II) modeset(0): Modeline "1024x768"x120.1  133.47  1024 1100 1212 1400  768 768 770 794 doublescan -hsync +vsync (95.3 kHz d)
[    29.100] (II) modeset(0): Modeline "1024x768"x60.0   65.00  1024 1048 1184 1344  768 771 777 806 -hsync -vsync (48.4 kHz d)
[    29.100] (II) modeset(0): Modeline "960x720"x120.0  117.00  960 1024 1128 1300  720 720 722 750 doublescan -hsync +vsync (90.0 kHz d)
[    29.100] (II) modeset(0): Modeline "928x696"x120.1  109.15  928 976 1088 1264  696 696 698 719 doublescan -hsync +vsync (86.4 kHz d)
[    29.100] (II) modeset(0): Modeline "896x672"x120.0  102.40  896 960 1060 1224  672 672 674 697 doublescan -hsync +vsync (83.7 kHz d)
[    29.100] (II) modeset(0): Modeline "1024x576"x119.9   98.50  1024 1092 1200 1376  576 577 580 597 doublescan -hsync +vsync (71.6 kHz d)
[    29.100] (II) modeset(0): Modeline "1024x576"x119.9   78.38  1024 1048 1064 1104  576 577 580 592 doublescan +hsync -vsync (71.0 kHz d)
[    29.100] (II) modeset(0): Modeline "1024x576"x59.9   46.50  1024 1064 1160 1296  576 579 584 599 -hsync +vsync (35.9 kHz d)
[    29.100] (II) modeset(0): Modeline "1024x576"x59.8   42.00  1024 1072 1104 1184  576 579 584 593 +hsync -vsync (35.5 kHz d)
[    29.100] (II) modeset(0): Modeline "960x600"x119.9   96.62  960 1028 1128 1296  600 601 604 622 doublescan -hsync +vsync (74.6 kHz d)
[    29.100] (II) modeset(0): Modeline "960x600"x120.0   77.00  960 984 1000 1040  600 601 604 617 doublescan +hsync -vsync (74.0 kHz d)
[    29.100] (II) modeset(0): Modeline "960x540"x119.9   86.50  960 1024 1124 1288  540 541 544 560 doublescan -hsync +vsync (67.2 kHz d)
[    29.100] (II) modeset(0): Modeline "960x540"x120.0   69.25  960 984 1000 1040  540 541 544 555 doublescan +hsync -vsync (66.6 kHz d)
[    29.100] (II) modeset(0): Modeline "960x540"x59.6   40.75  960 992 1088 1216  540 543 548 562 -hsync +vsync (33.5 kHz d)
[    29.100] (II) modeset(0): Modeline "960x540"x59.8   37.25  960 1008 1040 1120  540 543 548 556 +hsync -vsync (33.3 kHz d)
[    29.100] (II) modeset(0): Modeline "800x600"x120.0   81.00  800 832 928 1080  600 600 602 625 doublescan +hsync +vsync (75.0 kHz d)
[    29.100] (II) modeset(0): Modeline "800x600"x60.3   40.00  800 840 968 1056  600 601 605 628 +hsync +vsync (37.9 kHz d)
[    29.100] (II) modeset(0): Modeline "800x600"x56.2   36.00  800 824 896 1024  600 601 603 625 +hsync +vsync (35.2 kHz d)
[    29.100] (II) modeset(0): Modeline "840x525"x120.0   73.12  840 892 980 1120  525 526 529 544 doublescan -hsync +vsync (65.3 kHz d)
[    29.100] (II) modeset(0): Modeline "840x525"x119.8   59.50  840 864 880 920  525 526 529 540 doublescan +hsync -vsync (64.7 kHz d)
[    29.100] (II) modeset(0): Modeline "864x486"x59.9   32.50  864 888 968 1072  486 489 494 506 -hsync +vsync (30.3 kHz d)
[    29.100] (II) modeset(0): Modeline "864x486"x59.6   30.50  864 912 944 1024  486 489 494 500 +hsync -vsync (29.8 kHz d)
[    29.100] (II) modeset(0): Modeline "700x525"x120.0   61.00  700 744 820 940  525 526 532 541 doublescan +hsync +vsync (64.9 kHz d)
[    29.100] (II) modeset(0): Modeline "800x450"x119.9   59.12  800 848 928 1056  450 451 454 467 doublescan -hsync +vsync (56.0 kHz d)
[    29.100] (II) modeset(0): Modeline "800x450"x119.6   48.75  800 824 840 880  450 451 454 463 doublescan +hsync -vsync (55.4 kHz d)
[    29.100] (II) modeset(0): Modeline "640x512"x120.0   54.00  640 664 720 844  512 512 514 533 doublescan +hsync +vsync (64.0 kHz d)
[    29.100] (II) modeset(0): Modeline "700x450"x119.9   51.75  700 740 812 924  450 451 456 467 doublescan -hsync +vsync (56.0 kHz d)
[    29.100] (II) modeset(0): Modeline "700x450"x119.8   43.25  700 724 740 780  450 451 456 463 doublescan +hsync -vsync (55.4 kHz d)
[    29.100] (II) modeset(0): Modeline "640x480"x120.0   54.00  640 688 744 900  480 480 482 500 doublescan +hsync +vsync (60.0 kHz d)
[    29.100] (II) modeset(0): Modeline "640x480"x59.9   25.18  640 656 752 800  480 490 492 525 -hsync -vsync (31.5 kHz d)
[    29.100] (II) modeset(0): Modeline "720x405"x59.5   22.50  720 744 808 896  405 408 413 422 -hsync +vsync (25.1 kHz d)
[    29.100] (II) modeset(0): Modeline "720x405"x59.0   21.75  720 768 800 880  405 408 413 419 +hsync -vsync (24.7 kHz d)
[    29.100] (II) modeset(0): Modeline "684x384"x119.8   42.62  684 720 788 892  384 385 390 399 doublescan -hsync +vsync (47.8 kHz d)
[    29.100] (II) modeset(0): Modeline "684x384"x119.7   36.12  684 708 724 764  384 385 390 395 doublescan +hsync -vsync (47.3 kHz d)
[    29.100] (II) modeset(0): Modeline "640x400"x119.8   41.75  640 676 740 840  400 401 404 415 doublescan -hsync +vsync (49.7 kHz d)
[    29.100] (II) modeset(0): Modeline "640x400"x120.0   35.50  640 664 680 720  400 401 404 411 doublescan +hsync -vsync (49.3 kHz d)
[    29.100] (II) modeset(0): Modeline "640x360"x119.7   37.25  640 672 736 832  360 361 364 374 doublescan -hsync +vsync (44.8 kHz d)
[    29.100] (II) modeset(0): Modeline "640x360"x119.7   31.88  640 664 680 720  360 361 364 370 doublescan +hsync -vsync (44.3 kHz d)
[    29.100] (II) modeset(0): Modeline "640x360"x59.8   18.00  640 664 720 800  360 363 368 376 -hsync +vsync (22.5 kHz d)
[    29.100] (II) modeset(0): Modeline "640x360"x59.3   17.75  640 688 720 800  360 363 368 374 +hsync -vsync (22.2 kHz d)
[    29.100] (II) modeset(0): Modeline "512x384"x120.0   32.50  512 524 592 672  384 385 388 403 doublescan -hsync -vsync (48.4 kHz d)
[    29.100] (II) modeset(0): Modeline "512x288"x120.0   23.25  512 532 580 648  288 289 292 299 doublescan -hsync +vsync (35.9 kHz d)
[    29.100] (II) modeset(0): Modeline "512x288"x119.8   21.00  512 536 552 592  288 289 292 296 doublescan +hsync -vsync (35.5 kHz d)
[    29.100] (II) modeset(0): Modeline "480x270"x119.3   20.38  480 496 544 608  270 271 274 281 doublescan -hsync +vsync (33.5 kHz d)
[    29.100] (II) modeset(0): Modeline "480x270"x119.6   18.62  480 504 520 560  270 271 274 278 doublescan +hsync -vsync (33.3 kHz d)
[    29.100] (II) modeset(0): Modeline "400x300"x120.6   20.00  400 420 484 528  300 300 302 314 doublescan +hsync +vsync (37.9 kHz d)
[    29.100] (II) modeset(0): Modeline "400x300"x112.7   18.00  400 412 448 512  300 300 301 312 doublescan +hsync +vsync (35.2 kHz d)
[    29.100] (II) modeset(0): Modeline "432x243"x119.8   16.25  432 444 484 536  243 244 247 253 doublescan -hsync +vsync (30.3 kHz d)
[    29.100] (II) modeset(0): Modeline "432x243"x119.1   15.25  432 456 472 512  243 244 247 250 doublescan +hsync -vsync (29.8 kHz d)
[    29.100] (II) modeset(0): Modeline "320x240"x120.1   12.59  320 328 376 400  240 245 246 262 doublescan -hsync -vsync (31.5 kHz d)
[    29.100] (II) modeset(0): Modeline "360x202"x119.0   11.25  360 372 404 448  202 204 206 211 doublescan -hsync +vsync (25.1 kHz d)
[    29.100] (II) modeset(0): Modeline "360x202"x118.3   10.88  360 384 400 440  202 204 206 209 doublescan +hsync -vsync (24.7 kHz d)
[    29.100] (II) modeset(0): Modeline "320x180"x119.7    9.00  320 332 360 400  180 181 184 188 doublescan -hsync +vsync (22.5 kHz d)
[    29.100] (II) modeset(0): Modeline "320x180"x118.6    8.88  320 344 360 400  180 181 184 187 doublescan +hsync -vsync (22.2 kHz d)
[    29.100] (II) modeset(0): EDID for output HDMI-1
[    29.100] (II) modeset(0): Output eDP-1 connected
[    29.100] (II) modeset(0): Output HDMI-1 disconnected
[    29.100] (II) modeset(0): Using exact sizes for initial modes
[    29.100] (II) modeset(0): Output eDP-1 using initial mode 1920x1080 +0+0
[    29.100] (==) modeset(0): Using gamma correction (1.0, 1.0, 1.0)
[    29.100] (==) modeset(0): DPI set to (96, 96)
[    29.100] (II) Loading sub module "fb"
[    29.100] (II) LoadModule: "fb"
[    29.100] (II) Module "fb" already built-in
[    29.121] (==) modeset(0): Backing store enabled
[    29.121] (==) modeset(0): Silken mouse enabled
[    29.197] (II) modeset(0): Initializing kms color map for depth 24, 8 bpc.
[    29.197] (==) modeset(0): DPMS enabled
[    29.197] (II) modeset(0): [DRI2] Setup complete
[    29.197] (II) modeset(0): [DRI2]   DRI driver: iris
[    29.197] (II) modeset(0): [DRI2]   VDPAU driver: va_gl
[    29.197] (II) Initializing extension Generic Event Extension
[    29.198] (II) Initializing extension SHAPE
[    29.198] (II) Initializing extension MIT-SHM
[    29.198] (II) Initializing extension XInputExtension
[    29.198] (II) Initializing extension XTEST
[    29.198] (II) Initializing extension BIG-REQUESTS
[    29.198] (II) Initializing extension SYNC
[    29.199] (II) Initializing extension XKEYBOARD
[    29.199] (II) Initializing extension XC-MISC
[    29.199] (II) Initializing extension SECURITY
[    29.199] (II) Initializing extension XFIXES
[    29.199] (II) Initializing extension RENDER
[    29.199] (II) Initializing extension RANDR
[    29.200] (II) Initializing extension COMPOSITE
[    29.200] (II) Initializing extension DAMAGE
[    29.200] (II) Initializing extension MIT-SCREEN-SAVER
[    29.200] (II) Initializing extension DOUBLE-BUFFER
[    29.200] (II) Initializing extension RECORD
[    29.201] (II) Initializing extension DPMS
[    29.201] (II) Initializing extension Present
[    29.201] (II) Initializing extension DRI3
[    29.201] (II) Initializing extension X-Resource
[    29.201] (II) Initializing extension XVideo
[    29.201] (II) Initializing extension XVideo-MotionCompensation
[    29.201] (II) Initializing extension GLX
[    29.211] (II) AIGLX: Loaded and initialized iris
[    29.211] (II) GLX: Initialized DRI2 GL provider for screen 0
[    29.211] (II) Initializing extension XFree86-VidModeExtension
[    29.211] (II) Initializing extension XFree86-DGA
[    29.212] (II) Initializing extension XFree86-DRI
[    29.212] (II) Initializing extension DRI2
[    29.212] (II) modeset(0): Damage tracking initialized
[    29.212] (II) modeset(0): Setting screen physical size to 508 x 285
[    29.261] (II) config/udev: Adding input device Power Button (/dev/input/event2)
[    29.261] (**) Power Button: Applying InputClass "libinput keyboard catchall"
[    29.261] (II) LoadModule: "libinput"
[    29.261] (II) Loading /usr/lib/xorg/modules/input/libinput_drv.so
[    29.264] (II) Module libinput: vendor="X.Org Foundation"
[    29.264] 	compiled for 1.21.1.8, module version = 1.3.0
[    29.264] 	Module class: X.Org XInput Driver
[    29.264] 	ABI class: X.Org XInput driver, version 24.4
[    29.264] (II) Using input driver 'libinput' for 'Power Button'
[    29.264] (II) systemd-logind: got fd for /dev/input/event2 13:66 fd 27 paused 0
[    29.264] (**) Power Button: always reports core events
[    29.264] (**) Option "Device" "/dev/input/event2"
[    29.270] (II) event2  - Power Button: is tagged by udev as: Keyboard
[    29.270] (II) event2  - Power Button: device is a keyboard
[    29.270] (II) event2  - Power Button: device removed
[    29.270] (**) Option "config_info" "udev:/sys/devices/LNXSYSTM:00/LNXPWRBN:00/input/input2/event2"
[    29.270] (II) XINPUT: Adding extended input device "Power Button" (type: KEYBOARD, id 6)
[    29.271] (II) event2  - Power Button: is tagged by udev as: Keyboard
[    29.271] (II) event2  - Power Button: device is a keyboard
[    29.271] (II) config/udev: Adding input device Video Bus (/dev/input/event4)
[    29.271] (**) Video Bus: Applying InputClass "libinput keyboard catchall"
[    29.271] (II) Using input driver 'libinput' for 'Video Bus'
[    29.272] (II) systemd-logind: got fd for /dev/input/event4 13:68 fd 30 paused 0
[    29.272] (**) Video Bus: always reports core events
[    29.272] (**) Option "Device" "/dev/input/event4"
[    29.272] (II) event4  - Video Bus: is tagged by udev as: Keyboard
[    29.272] (II) event4  - Video Bus: device is a keyboard
[    29.272] (II) event4  - Video Bus: device removed
[    29.272] (**) Option "config_info" "udev:/sys/devices/LNXSYSTM:00/LNXSYBUS:00/PNP0A08:00/LNXVIDEO:00/input/input4/event4"
[    29.272] (II) XINPUT: Adding extended input device "Video Bus" (type: KEYBOARD, id 7)
[    29.273] (II) event4  - Video Bus: is tagged by udev as: Keyboard
[    29.273] (II) event4  - Video Bus: device is a keyboard
[    29.273] (II) config/udev: Adding input device Lid Switch (/dev/input/event0)
[    29.273] (II) No input driver specified, ignoring this device.
[    29.273] (II) This device may have been added with another device file.
[    29.273] (II) config/udev: Adding input device Power Button (/dev/input/event1)
[    29.273] (**) Power Button: Applying InputClass "libinput keyboard catchall"
[    29.273] (II) Using input driver 'libinput' for 'Power Button'
[    29.274] (II) systemd-logind: got fd for /dev/input/event1 13:65 fd 31 paused 0
[    29.274] (**) Power Button: always reports core events
[    29.274] (**) Option "Device" "/dev/input/event1"
[    29.274] (II) event1  - Power Button: is tagged by udev as: Keyboard
[    29.274] (II) event1  - Power Button: device is a keyboard
[    29.274] (II) event1  - Power Button: device removed
[    29.274] (**) Option "config_info" "udev:/sys/devices/LNXSYSTM:00/LNXSYBUS:00/PNP0C0C:00/input/input1/event1"
[    29.274] (II) XINPUT: Adding extended input device "Power Button" (type: KEYBOARD, id 8)
[    29.275] (II) event1  - Power Button: is tagged by udev as: Keyboard
[    29.275] (II) event1  - Power Button: device is a keyboard
[    29.275] (II) config/udev: Adding input device ELAN1200:00 04F3:3087 Touchpad (/dev/input/event7)
[    29.275] (**) ELAN1200:00 04F3:3087 Touchpad: Applying InputClass "libinput touchpad catchall"
[    29.275] (II) Using input driver 'libinput' for 'ELAN1200:00 04F3:3087 Touchpad'
[    29.276] (II) systemd-logind: got fd for /dev/input/event7 13:71 fd 32 paused 0
[    29.276] (**) ELAN1200:00 04F3:3087 Touchpad: always reports core events
[    29.276] (**) Option "Device" "/dev/input/event7"
[    29.277] (II) event7  - ELAN1200:00 04F3:3087 Touchpad: is tagged by udev as: Touchpad
[    29.278] (II) event7  - ELAN1200:00 04F3:3087 Touchpad: device is a touchpad
[    29.278] (II) event7  - ELAN1200:00 04F3:3087 Touchpad: device removed
[    29.278] (II) libinput: ELAN1200:00 04F3:3087 Touchpad: Step value 0 was provided, libinput Fallback acceleration function is used.
[    29.278] (II) libinput: ELAN1200:00 04F3:3087 Touchpad: Step value 0 was provided, libinput Fallback acceleration function is used.
[    29.278] (II) libinput: ELAN1200:00 04F3:3087 Touchpad: Step value 0 was provided, libinput Fallback acceleration function is used.
[    29.278] (**) Option "config_info" "udev:/sys/devices/pci0000:00/0000:00:15.1/i2c_designware.1/i2c-12/i2c-ELAN1200:00/0018:04F3:3087.0001/input/input10/event7"
[    29.278] (II) XINPUT: Adding extended input device "ELAN1200:00 04F3:3087 Touchpad" (type: TOUCHPAD, id 9)
[    29.279] (**) Option "AccelerationScheme" "none"
[    29.279] (**) ELAN1200:00 04F3:3087 Touchpad: (accel) selected scheme none/0
[    29.279] (**) ELAN1200:00 04F3:3087 Touchpad: (accel) acceleration factor: 2.000
[    29.279] (**) ELAN1200:00 04F3:3087 Touchpad: (accel) acceleration threshold: 4
[    29.280] (II) event7  - ELAN1200:00 04F3:3087 Touchpad: is tagged by udev as: Touchpad
[    29.281] (II) event7  - ELAN1200:00 04F3:3087 Touchpad: device is a touchpad
[    29.281] (II) config/udev: Adding input device ELAN1200:00 04F3:3087 Touchpad (/dev/input/mouse1)
[    29.281] (II) No input driver specified, ignoring this device.
[    29.281] (II) This device may have been added with another device file.
[    29.281] (II) config/udev: Adding input device ELAN1200:00 04F3:3087 Mouse (/dev/input/event6)
[    29.281] (**) ELAN1200:00 04F3:3087 Mouse: Applying InputClass "libinput pointer catchall"
[    29.281] (II) Using input driver 'libinput' for 'ELAN1200:00 04F3:3087 Mouse'
[    29.282] (II) systemd-logind: got fd for /dev/input/event6 13:70 fd 33 paused 0
[    29.282] (**) ELAN1200:00 04F3:3087 Mouse: always reports core events
[    29.282] (**) Option "Device" "/dev/input/event6"
[    29.283] (II) event6  - ELAN1200:00 04F3:3087 Mouse: is tagged by udev as: Mouse Pointingstick
[    29.283] (II) event6  - ELAN1200:00 04F3:3087 Mouse: device is a pointer
[    29.283] (II) event6  - ELAN1200:00 04F3:3087 Mouse: device removed
[    29.283] (II) libinput: ELAN1200:00 04F3:3087 Mouse: Step value 0 was provided, libinput Fallback acceleration function is used.
[    29.283] (II) libinput: ELAN1200:00 04F3:3087 Mouse: Step value 0 was provided, libinput Fallback acceleration function is used.
[    29.283] (II) libinput: ELAN1200:00 04F3:3087 Mouse: Step value 0 was provided, libinput Fallback acceleration function is used.
[    29.283] (**) Option "config_info" "udev:/sys/devices/pci0000:00/0000:00:15.1/i2c_designware.1/i2c-12/i2c-ELAN1200:00/0018:04F3:3087.0001/input/input9/event6"
[    29.283] (II) XINPUT: Adding extended input device "ELAN1200:00 04F3:3087 Mouse" (type: MOUSE, id 10)
[    29.283] (**) Option "AccelerationScheme" "none"
[    29.283] (**) ELAN1200:00 04F3:3087 Mouse: (accel) selected scheme none/0
[    29.283] (**) ELAN1200:00 04F3:3087 Mouse: (accel) acceleration factor: 2.000
[    29.283] (**) ELAN1200:00 04F3:3087 Mouse: (accel) acceleration threshold: 4
[    29.284] (II) event6  - ELAN1200:00 04F3:3087 Mouse: is tagged by udev as: Mouse Pointingstick
[    29.284] (II) event6  - ELAN1200:00 04F3:3087 Mouse: device is a pointer
[    29.285] (II) config/udev: Adding input device ELAN1200:00 04F3:3087 Mouse (/dev/input/mouse0)
[    29.285] (II) No input driver specified, ignoring this device.
[    29.285] (II) This device may have been added with another device file.
[    29.285] (II) config/udev: Adding input device HDA Intel PCH Headphone (/dev/input/event9)
[    29.285] (II) No input driver specified, ignoring this device.
[    29.285] (II) This device may have been added with another device file.
[    29.285] (II) config/udev: Adding input device HDA Intel PCH HDMI/DP,pcm=3 (/dev/input/event10)
[    29.285] (II) No input driver specified, ignoring this device.
[    29.285] (II) This device may have been added with another device file.
[    29.285] (II) config/udev: Adding input device HDA Intel PCH HDMI/DP,pcm=7 (/dev/input/event11)
[    29.285] (II) No input driver specified, ignoring this device.
[    29.285] (II) This device may have been added with another device file.
[    29.285] (II) config/udev: Adding input device HDA Intel PCH HDMI/DP,pcm=8 (/dev/input/event12)
[    29.285] (II) No input driver specified, ignoring this device.
[    29.285] (II) This device may have been added with another device file.
[    29.286] (II) config/udev: Adding input device HDA Intel PCH HDMI/DP,pcm=9 (/dev/input/event13)
[    29.286] (II) No input driver specified, ignoring this device.
[    29.286] (II) This device may have been added with another device file.
[    29.286] (II) config/udev: Adding input device Asus WMI hotkeys (/dev/input/event8)
[    29.286] (**) Asus WMI hotkeys: Applying InputClass "libinput keyboard catchall"
[    29.286] (II) Using input driver 'libinput' for 'Asus WMI hotkeys'
[    29.286] (II) systemd-logind: got fd for /dev/input/event8 13:72 fd 34 paused 0
[    29.286] (**) Asus WMI hotkeys: always reports core events
[    29.286] (**) Option "Device" "/dev/input/event8"
[    29.287] (II) event8  - Asus WMI hotkeys: is tagged by udev as: Keyboard
[    29.287] (II) event8  - Asus WMI hotkeys: device is a keyboard
[    29.287] (II) event8  - Asus WMI hotkeys: device removed
[    29.287] (**) Option "config_info" "udev:/sys/devices/platform/asus-nb-wmi/input/input8/event8"
[    29.287] (II) XINPUT: Adding extended input device "Asus WMI hotkeys" (type: KEYBOARD, id 11)
[    29.287] (II) event8  - Asus WMI hotkeys: is tagged by udev as: Keyboard
[    29.287] (II) event8  - Asus WMI hotkeys: device is a keyboard
[    29.288] (II) config/udev: Adding input device AT Translated Set 2 keyboard (/dev/input/event3)
[    29.288] (**) AT Translated Set 2 keyboard: Applying InputClass "libinput keyboard catchall"
[    29.288] (II) Using input driver 'libinput' for 'AT Translated Set 2 keyboard'
[    29.289] (II) systemd-logind: got fd for /dev/input/event3 13:67 fd 35 paused 0
[    29.289] (**) AT Translated Set 2 keyboard: always reports core events
[    29.289] (**) Option "Device" "/dev/input/event3"
[    29.289] (II) event3  - AT Translated Set 2 keyboard: is tagged by udev as: Keyboard
[    29.289] (II) event3  - AT Translated Set 2 keyboard: device is a keyboard
[    29.290] (II) event3  - AT Translated Set 2 keyboard: device removed
[    29.290] (**) Option "config_info" "udev:/sys/devices/platform/i8042/serio0/input/input3/event3"
[    29.290] (II) XINPUT: Adding extended input device "AT Translated Set 2 keyboard" (type: KEYBOARD, id 12)
[    29.290] (II) event3  - AT Translated Set 2 keyboard: is tagged by udev as: Keyboard
[    29.290] (II) event3  - AT Translated Set 2 keyboard: device is a keyboard
[    29.291] (II) config/udev: Adding input device PC Speaker (/dev/input/event5)
[    29.291] (II) No input driver specified, ignoring this device.
[    29.291] (II) This device may have been added with another device file.
[   735.631] (EE) event7  - ELAN1200:00 04F3:3087 Touchpad: kernel bug: Touch jump detected and discarded.
See https://wayland.freedesktop.org/libinput/doc/1.23.0/touchpad-jumping-cursors.html for details
[  1740.391] (EE) Failed to open authorization file "/tmp/serverauth.C7GhcBBqVB": No such file or directory
[  1907.678] (EE) event7  - ELAN1200:00 04F3:3087 Touchpad: kernel bug: Touch jump detected and discarded.
See https://wayland.freedesktop.org/libinput/doc/1.23.0/touchpad-jumping-cursors.html for details
[  2126.936] (EE) event7  - ELAN1200:00 04F3:3087 Touchpad: kernel bug: Touch jump detected and discarded.
See https://wayland.freedesktop.org/libinput/doc/1.23.0/touchpad-jumping-cursors.html for details
[  2884.249] (EE) event7  - ELAN1200:00 04F3:3087 Touchpad: kernel bug: Touch jump detected and discarded.
See https://wayland.freedesktop.org/libinput/doc/1.23.0/touchpad-jumping-cursors.html for details
[  2916.301] (EE) event7  - ELAN1200:00 04F3:3087 Touchpad: kernel bug: Touch jump detected and discarded.
See https://wayland.freedesktop.org/libinput/doc/1.23.0/touchpad-jumping-cursors.html for details
[  2916.301] (EE) event7  - ELAN1200:00 04F3:3087 Touchpad: WARNING: log rate limit exceeded (5 msgs per 24h). Discarding future messages.
[ 10013.462] (EE) client bug: timer event7 keyboard: scheduled expiry is in the past (-240ms), your system is too slow
[ 11379.499] (II) event7  - ELAN1200:00 04F3:3087 Touchpad: SYN_DROPPED event - some input events have been lost.
[ 11381.411] (II) event7  - ELAN1200:00 04F3:3087 Touchpad: SYN_DROPPED event - some input events have been lost.
[ 11381.712] (EE) client bug: timer event7 hold: scheduled expiry is in the past (-73ms), your system is too slow
[ 11383.842] (II) event7  - ELAN1200:00 04F3:3087 Touchpad: SYN_DROPPED event - some input events have been lost.
[ 11384.032] (EE) client bug: timer event7 hold: scheduled expiry is in the past (-84ms), your system is too slow
[ 11391.317] (II) event7  - ELAN1200:00 04F3:3087 Touchpad: SYN_DROPPED event - some input events have been lost.
[ 11391.326] (II) event3  - AT Translated Set 2 keyboard: SYN_DROPPED event - some input events have been lost.
[ 11528.733] (EE) client bug: timer event7 hold: scheduled expiry is in the past (-135ms), your system is too slow
[ 23958.395] (EE) event7  - ELAN1200:00 04F3:3087 Touchpad: client bug: event processing lagging behind by 311ms, your system is too slow
[ 39986.734] (EE) client bug: timer event7 keyboard: scheduled expiry is in the past (-464ms), your system is too slow
[ 39986.737] (EE) client bug: timer event7 keyboard: scheduled expiry is in the past (-162ms), your system is too slow
[ 47137.470] (II) modeset(0): EDID vendor "CMN", prod id 5621
[ 47137.471] (II) modeset(0): Printing DDC gathered Modelines:
[ 47137.471] (II) modeset(0): Modeline "1920x1080"x0.0  152.84  1920 2000 2060 2250  1080 1086 1094 1132 -hsync -vsync (67.9 kHz eP)
[ 48818.504] (EE) client bug: timer event7 hold: scheduled expiry is in the past (-355ms), your system is too slow
